AGK2Template/build/outputs/mapping/debug/seeds.txt
com.google.ar.core.ArImage: int access$100(com.google.ar.core.ArImage,long,long,int)
com.snap.kit.common.model.KitType$ProtoAdapter_KitType: void encode(com.squareup.wire.ProtoWriter,com.snap.kit.common.model.KitType)
com.google.ar.core.ImageMetadata: long[] nativeGetAllKeys(long,long)
com.snapchat.kit.sdk.core.metrics.model.LoginKitAuthStart$Builder: LoginKitAuthStart$Builder()
com.google.android.gms.ads.search.SearchAdView: com.google.android.gms.ads.AdSize getAdSize()
com.google.firebase.FirebaseApp: void initializeAllApis()
androidx.appcompat.widget.AppCompatTextViewAutoSizeHelper$Impl: void computeAndSetTextDirection(android.text.StaticLayout$Builder,android.widget.TextView)
com.squareup.wire.internal.MutableOnWriteList: java.lang.Object set(int,java.lang.Object)
com.snapchat.kit.sdk.core.metrics.model.BitmojiKitSnapchatLinkTap$ProtoAdapter_BitmojiKitSnapchatLinkTap: BitmojiKitSnapchatLinkTap$ProtoAdapter_BitmojiKitSnapchatLinkTap()
com.google.ar.core.ArImage: int nativeGetRowStride(long,long,int)
com.snapchat.kit.sdk.core.metrics.model.ServerEventData$ProtoAdapter_ServerEventData: java.lang.Object redact(java.lang.Object)
com.google.firebase.R$drawable: R$drawable()
com.thegamecreators.agk_player.AGKHelper: void StopSpeaking()
com.google.firebase.datatransport.R$integer: R$integer()
com.google.firebase.analytics.connector.internal.zzc: java.lang.String zzk(java.lang.String)
com.snapchat.kit.sdk.core.metrics.model.BitmojiKitSearch$ProtoAdapter_BitmojiKitSearch: java.lang.Object decode(com.squareup.wire.ProtoReader)
com.squareup.wire.ProtoAdapter$8: java.lang.Long decode(com.squareup.wire.ProtoReader)
com.google.ar.core.ArCoreApk$Availability: com.google.ar.core.ArCoreApk$Availability[] $values()
androidx.appcompat.widget.AbsActionBarView: void setVisibility(int)
androidx.appcompat.widget.SearchView: void setIconified(boolean)
com.google.android.gms.ads.internal.ClientApi: ClientApi()
com.snapchat.kit.sdk.core.security.KeyValueStore: java.lang.Object get(java.lang.String,java.lang.Class)
com.google.ads.mediation.customevent.CustomEventAdapter: void requestInterstitialAd(com.google.ads.mediation.MediationInterstitialListener,android.app.Activity,com.google.ads.mediation.customevent.CustomEventServerParameters,com.google.ads.mediation.MediationAdRequest,com.google.android.gms.ads.mediation.customevent.CustomEventExtras)
com.google.firebase.FirebaseApp: void setAutomaticResourceManagementEnabled(boolean)
com.squareup.wire.Message: com.squareup.wire.Message withoutUnknownFields()
com.google.ar.core.Frame: long nativeAcquirePointCloud(long,long)
com.snapchat.kit.sdk.core.metrics.model.BitmojiKitStickerPickerClose$ProtoAdapter_BitmojiKitStickerPickerClose: java.lang.Object decode(com.squareup.wire.ProtoReader)
com.thegamecreators.agk_player.AGKHelper: float GetGPSAltitude()
com.google.ads.mediation.AbstractAdViewAdapter: void requestBannerAd(android.content.Context,com.google.android.gms.ads.mediation.MediationBannerListener,android.os.Bundle,com.google.android.gms.ads.AdSize,com.google.android.gms.ads.mediation.MediationAdRequest,android.os.Bundle)
com.squareup.wire.ProtoAdapter$MapEntryProtoAdapter: void encode(com.squareup.wire.ProtoWriter,java.util.Map$Entry)
com.snapchat.kit.sdk.core.metrics.model.BitmojiKitStickerPickerOpen$ProtoAdapter_BitmojiKitStickerPickerOpen: void encode(com.squareup.wire.ProtoWriter,java.lang.Object)
com.google.ar.core.ArImage: java.nio.ByteBuffer nativeGetBuffer(long,long,int)
com.snapchat.kit.sdk.core.controller.LoginStateController$OnLoginStateChangedListener: void onLogout()
com.google.firebase.encoders.ObjectEncoderContext: com.google.firebase.encoders.ObjectEncoderContext nested(java.lang.String)
com.google.ar.core.HitResult: void finalize()
com.snapchat.kit.sdk.core.metrics.model.CreativeKitShareStart: java.lang.String toString()
com.google.android.gms.internal.ads.zzemo: com.google.android.gms.internal.ads.zzemo[] values()