AGK2Template/build/outputs/mapping/debug/usage.txt
com.mycompany.mytemplate.BuildConfig
com.mycompany.mytemplate.R$anim
com.mycompany.mytemplate.R$animator
com.mycompany.mytemplate.R$attr
com.mycompany.mytemplate.R$bool
com.mycompany.mytemplate.R$color
com.mycompany.mytemplate.R$dimen
com.mycompany.mytemplate.R$drawable
com.mycompany.mytemplate.R$id
com.mycompany.mytemplate.R$integer
com.mycompany.mytemplate.R$interpolator
com.mycompany.mytemplate.R$layout
com.mycompany.mytemplate.R$raw
com.mycompany.mytemplate.R$string
com.mycompany.mytemplate.R$style
com.mycompany.mytemplate.R$styleable
com.mycompany.mytemplate.R$xml
com.mycompany.mytemplate.R
...
com.google.common.reflect.TypeResolver$TypeVariableKey
com.google.common.reflect.TypeResolver$WildcardCapturer
com.google.common.reflect.TypeResolver
com.google.common.reflect.TypeToInstanceMap
com.google.common.reflect.TypeToken$1
com.google.common.reflect.TypeToken$2
com.google.common.reflect.TypeToken$3
com.google.common.reflect.TypeToken$4
com.google.common.reflect.TypeToken$Bounds
com.google.common.reflect.TypeToken$ClassSet
com.google.common.reflect.TypeToken$InterfaceSet$1
com.google.common.reflect.TypeToken$InterfaceSet
com.google.common.reflect.TypeToken$SimpleTypeToken
com.google.common.reflect.TypeToken$TypeCollector$1
com.google.common.reflect.TypeToken$TypeCollector$2
com.google.common.reflect.TypeToken$TypeCollector$3
com.google.common.reflect.TypeToken$TypeCollector$4
com.google.common.reflect.TypeToken$TypeCollector$ForwardingTypeCollector
com.google.common.reflect.TypeToken$TypeCollector
com.google.common.reflect.TypeToken$TypeFilter$1
com.google.common.reflect.TypeToken$TypeFilter$2
com.google.common.reflect.TypeToken$TypeFilter
com.google.common.reflect.TypeToken$TypeSet
com.google.common.reflect.TypeToken
com.google.common.reflect.TypeVisitor
com.google.common.reflect.Types$1
com.google.common.reflect.Types$2
com.google.common.reflect.Types$ClassOwnership$1
com.google.common.reflect.Types$ClassOwnership$1LocalClass
com.google.common.reflect.Types$ClassOwnership$2
com.google.common.reflect.Types$ClassOwnership$3
com.google.common.reflect.Types$ClassOwnership
com.google.common.reflect.Types$GenericArrayTypeImpl
com.google.common.reflect.Types$JavaVersion$1
com.google.common.reflect.Types$JavaVersion$2
com.google.common.reflect.Types$JavaVersion$3
com.google.common.reflect.Types$JavaVersion$4
com.google.common.reflect.Types$JavaVersion
com.google.common.reflect.Types$NativeTypeVariableEquals
com.google.common.reflect.Types$ParameterizedTypeImpl
com.google.common.reflect.Types$TypeVariableImpl
com.google.common.reflect.Types$TypeVariableInvocationHandler
com.google.common.reflect.Types$WildcardTypeImpl
com.google.common.reflect.Types
com.google.common.reflect.package-info
com.google.common.util.concurrent.AbstractCatchingFuture$AsyncCatchingFuture
com.google.common.util.concurrent.AbstractCatchingFuture$CatchingFuture
com.google.common.util.concurrent.AbstractCatchingFuture
com.google.common.util.concurrent.AbstractCheckedFuture
com.google.common.util.concurrent.AbstractExecutionThreadService$1$1
com.google.common.util.concurrent.AbstractExecutionThreadService$1$2
com.google.common.util.concurrent.AbstractExecutionThreadService$1
com.google.common.util.concurrent.AbstractExecutionThreadService$2
com.google.common.util.concurrent.AbstractExecutionThreadService
com.google.common.util.concurrent.AbstractFuture$1
com.google.common.util.concurrent.AbstractFuture$AtomicHelper
com.google.common.util.concurrent.AbstractFuture$Cancellation
com.google.common.util.concurrent.AbstractFuture$Failure$1
com.google.common.util.concurrent.AbstractFuture$Failure
com.google.common.util.concurrent.AbstractFuture$Listener
com.google.common.util.concurrent.AbstractFuture$SafeAtomicHelper
com.google.common.util.concurrent.AbstractFuture$SetFuture
com.google.common.util.concurrent.AbstractFuture$SynchronizedHelper
com.google.common.util.concurrent.AbstractFuture$TrustedFuture
com.google.common.util.concurrent.AbstractFuture$UnsafeAtomicHelper$1
com.google.common.util.concurrent.AbstractFuture$UnsafeAtomicHelper
com.google.common.util.concurrent.AbstractFuture$Waiter
com.google.common.util.concurrent.AbstractFuture
com.google.common.util.concurrent.AbstractIdleService$1
com.google.common.util.concurrent.AbstractIdleService$DelegateService$1
com.google.common.util.concurrent.AbstractIdleService$DelegateService$2
com.google.common.util.concurrent.AbstractIdleService$DelegateService
com.google.common.util.concurrent.AbstractIdleService$ThreadNameSupplier
com.google.common.util.concurrent.AbstractIdleService